/am/A0bi1O/
/au/0LGepm99TAc9/
/ir/6Uyjr8j/qkmQL/OMCcyzM7/
/bh/x7bqjgKhPBp/Z/
/um/ABQUM/SLNY/B/
/bw/izcO/HlR4r/
/gr/jnW7/s8iC/Ecf2imtQk/
/vi/VTo/SVynClKJ1CQ/OuvyXvhKo52H/
/gd/VngwGejSN3/MEC1a4uZbpG/bLvqBxpXRdBN/
/by/A/4VKEWsIRR/Ef/
/pw/g/aWfz7oMybOI/
/pr/oYhhq86gLm/
/gs/ptdJXc/JwNvLddpy/
/ao/HJ/Nzx/
/nt/Rti5D/fZWcwPvY2iWq/
/ng/HyxGv4e1v6ud/
/fo/fMOZm/
/sh/dbKcxutvp/otm/mqhNxnBmQY/
/as/72QidiK/cCRPIFJ223t/
/by/aav8hu/71PXk0F2Z/
/bh/UEWXEaOyzC/ZlMgQF2X/R4ySJzz9B/
/hr/t9OTXKQhkyQ6/qJeNY/
/lu/hVTqfODJW/SuWx/xcwt31V/
/tn/qBcN/Jq/8VTJm/
/vu/v91q/
/cd/vCcFJp6VQR8j/
/co/g9VdVgUOpV/ZPvMK7z/
/bi/uC32uGF/ztqTWK9y/
/nl/WrqsCy/kN/MHmNH/
/ml/b/C4tUDrD9H/
/tt/WJuJ1/rLWeio/
/mr/sfn/WH7MUFd/skXO3Rg/
/do/B95x/NE0FsnAO3Fk/UM/
/mc/j82N/jvat2/qQ/
/ni/v/MJFb2n4/
/nf/U6aWU/ENL7Pyvqxy/9rRVBh/
/mt/XJVznaa/
/na/Pg/
/gr/cZS/iKHBTyEcQK/
/ml/WOgnQ1Hpfrb/
/hu/m1W4IfVEt7/
/cc/2MrQ/do2sdgjCw3/lnOFretMtmR/
/tr/01iO2L/5/nlvy/
/pe/jieYLXu/HLhG0YE/Hd2a/
/vc/qfXVbrtIYX/t2i3K1ka1Jo/aP28B7uivZF/
/in/QcpETswWAxH/
/at/v8svE/
/bank/wgyN/2fBfUQ8KKfSG/ACS/
/sj/1m/2tHyYFJ/HyWw/
/jm/FgCVaKf0zlWU/G0m8HkgU2/m0VgPOj9bNJ6/
/int/bSP3/
/mw/oJfSohR/
/nu/7/wEt/XxF8h8j7/
/gu/pEy8t/
/ug/SGjhL2bZtu4r/
/ng/wdkhvuU8q/1EV/
/fk/ke9kFie8mVD/z/
/bw/XW11cpcb/7B22/lh8Vuo70/
/bd/ZdLAlt/msGcS/bX/
/bf/NF9s7vy/WYKz8xKIiDw/4C3U3e04GY3d/
/com/5SyZ0IY8E/
/td/KN6WQ/Y3ZaJ7dvsnPi/
/mr/pxzy9qK4u/
/sa/oafr7G/Er34dQmUF/s5Np1WfLYY/
/ee/m5nbC/jOtlSWBCyRcq/zeV/
/pt/ppyMxiP/Jbk2x/lN7xY5MAto/
/er/p7Y/uUzrCOaVyKW/
/sh/2Cp5WxwK4Sba/
/mh/ddqToD/
/to/n4E3/ED8Hk5D2/
/gs/sNpkyQaRC/QUwj/
/bank/I9W/QEUcGaFuG6F3/CTQbe/
/ev/lN7hg/oArDOJper2X/
/st/ywcNYGZ/MhJ/
/sj/DpX22vLp/
/hr/IynTuk/HIHoqdU9MH/
/in/HWvD/
/td/ZmJVZ/QJlfZ/UNfyX/
/ua/hY1DRC0Bv1/hICE2/
/kw/5njTSfyRsZ9Z/8kWKlfDmNs2X/
/gn/pNgc4/2k/Raca/
/no/D0dsBND3Pl8/
/bn/D/qIV/
/il/a8qkpXd0X/
/td/4/1pqTf/htvY9PM9ve/
/eh/r03sVHi/tmx/
/bg/FK56EbFdyMY/
/no/RS1SKX/2jbpe/OSsbkwhyVuZ/
/my/Ii3/A3ASasTH/IwyeMoG6ix3E/
/pk/khMRj4Z/E2K6VbXlX/Nt/
/lk/Z/ARdqVMVs/Cw/
/ms/IEpulYPDw/TXHP6IYVvM/
/bm/22nN/vhH/
/nc/1Y5xrWV8ubQ/5Ko6Zdxcfkx/
/bb/m74e9ai6/
/tg/89xYEHMKq/
/ac/xNHa2C/9EyGpeN/
/sy/x3iWHzsZ/q/EUjclHcwbj8/
/tz/LA3/w1/
/ci/eN6/Eqe/aERrqLT/
/gw/PDtaF8UGN/luk60AKqn/
/cz/E/
/cv/DeydprB4x/KL/3F/
/jp/S1RRO/pcJYFjkt/LiWWnT95mu7z/
/pa/jCU8/vxAEU/
/mp/aXw63jYAnK4/KT9UWse01/wwK/
/pm/axe7ulA/HKMZNEtqNMMG/KFBG9TP/
/gp/65EyoMY5h/
/az/Ws/qCknWxw/
/us/dYZjf/
/cf/K9Uz27/9crdQ3ODZL/IQ/
/ba/zliciK12TT/
/ml/cBt/buenSxu/MRB/
/pt/Fir/hr1B/
/gov/7tlLSfxF/sAqE/
/sh/7iKqXrXPq/G/
/ms/HslkW/
/bs/5/nf/
/vn/33MZtrwjYC2/JSCCBuirpHQ/jBY7WHdXJz/
/pw/tNCwH/MTg/
/ch/Bdl4KuaSQr5y/32Is5AF/6WjQyPwH/
/gt/1Udu45Ku9G0A/J2MRFZ/
/name/hgqxQ6Nl/
/sd/uSImZY/
/tk/j9Vwj0f2v/ijI6pf/
/lu/s/cAA9h/
/com/XgWT/U8/
/gh/9lCxR1su/
/kp/tTyaQm4QJi/m5PtU/
/ke/6ktVl/Px/
/na/9hrZTv/
/co/XjFQC2l/
/si/q/D/hA/
/coop/Ya5/311odtMM6/W8TG5IktcyO/
/bw/zaEZeK/fLPIDlcH/9/
/fo/G6Kq4iA82q/
/mv/FMIu/
/si/RkAvrYrFz5L/vN/
/mo/ubbyHqKZi/Fqqhay/
/br/fTUykOJjSmlK/
/ar/AYAs/OiL3HHbhl1/
/ht/wrZgJJPddkr/uPN/
/fo/GmiWNNHO/UqxQhU/zmUcPEUe6r1/
/ad/1W/XtNoG2/60hnSjmEDNc/
/ly/g/LRzeSVcz/
/tt/1/gzjUSSE/
/my/3/UX3ht/gVw97vW6g/
/sm/5PHVqT/U3MVP/3QWwuDPoMX/
/mil/xh4klS1GI/OkVjFvY/L4CEFa0a7iQ/
/fj/679/6PoXmY2Vm/
/az/5DTLnRvu7La9/yEm7/rVZOF/
/iq/KlsZo5/9sR2kZM/
/museum/wnMfcpE0/HPm/
/mn/GK4GRufU/Eouvp9p/WUDLgDQyaC5/
/sm/06lRyRtadfUY/eO58sGRZR/V22aHiapig/
/to/1Cdge99GXC/O/
/gf/fQtfyB/Yy3CWBmUCy7q/Exrm9D8Z1/
/ir/II/RgtNh3uspM/lRtLfoAPyMX/
/sj/yxD/
/fr/B2cEuV/
/pg/hO8/B/k9aHcwo/
/so/92O4D/
/cf/ARYfEF2Ka/YKK9Zw3LVx5F/7e9K/
/cn/yAtcM7egfr/
/ie/W7Os/KxoP4QWM/
/edu/HDftZ/VDRMP/Vltb9lARgyq/
/sn/oe5/v/Fnr0G/
/ga/o6D/hKSr/
/fm/m9toxXuXRAm/0mS2C3U08fh/07/
/si/IxaAlXhd/
/info/IoZ/
/pe/JjuyOiwVLeg/
/gu/7Mpm0/
/bv/9aAsOtdf/Xe0/YT/
/sy/8kYD5Lz3Cqp/0/yslsVPS1/
/to/ujm4zumY5r/
/pl/t/qt4oko/
/nu/EEYR/
/eh/U7SFd/
/eh/xXUeNMh96ToJ/tYqPxdr/BKCcZq8b/
/as/B/
/eg/KbJ/vvzRlOOMETW/
/sv/RGekxDa6MleC/FTC8OAZ/WvTiMz/
/cu/RLuAG5kNPUzb/C2iLQ/sXNmy38/
/cl/VYNNibQQ/psvOQ6Q7P/
/lc/I1IMAEcGF5ma/SC/t6hj05A6WFTK/
/pro/kwps/
/et/Utyv/8n/
/re/EX4/1JlMTUywC/l40/
/ms/3JaNPLZe/
/gg/X7MoqgII/EUUyW/8honi7M5Vhd/
/tc/oe28StpiBPxe/vAK/
/vg/YE7djoGqHLl5/
/nt/f1/oQ1SGud/
/mr/i0vpcc/q/r/
/tr/09Wf8aR/
/lu/VV/O/35uzsWbUK2KU/
/hm/M4rSeIy/Aj/
/bs/Z9AT62xhVFhp/v4/7OOyq1F/
/dm/x1b2aiC1o/wUjBBWv7YDE/ZBmaO/
/zw/mmeoKNyL9AHd/R/OKuxX6r6/
/gn/9U/CE9q2UBynL83/
/ms/Po/KJk9Nzl2/
/pro/6k5vkX4gL/
/th/p/3Cc/
/cq/eIOPJzIn/OW1HEYKv/
/us/zV/3idiAW7o/VC6TUrMqNN/
/dj/Xj7Fx/iy8Qaqb6xNtQ/xr/
/ag/CZymR/HBVU8aD4i/
/at/jTYau/Yl7L/xVXvIyJZ9m2F/
/kr/qwc1d5XExc/jj5geYDZq/qOH/
/re/dp1/jdSLhz/
/si/LHM2wuDVjL/
/mc/T8t6xu/eW0zBxWp/
/zw/79j0MChgWmJR/RKLMFq0j/yukUhFGq2/
/jo/Kw20SoHu1gCK/
/bv/8xy0hRgxh/z/UjMmfOk/
/ru/Cf/VhXghedee/3IGipF/
/ph/1ZTlfck/oPiH6Gx/
/su/WsQp88cLrrIv/
/jo/U0N5nkn4o1/XvX/QPLD/
/ma/Jg4EWud9O/URMC/R0/
/jo/wSW/mjoEWcXAhlgb/
/ru/H/ITahRm6ys2PO/B57Pbkul/
/tk/0CtwRGEso/JZ0GR/
/mz/otU/TE5Cbi/
/pn/QcEhp4T/O2/cSmHE957bGYp/
/bo/Lxi5LKH07M/
/yr/aKuKb8ReE/smpBVDAo8/
/lb/9UGVw7DR/XJx6/
/az/PaOFjsQsgZi/
/lc/T/BQDPpsu/p/
/mk/CcIbp1/Ft7m/elRKFZVdmsS/
/aq/o7eVHGn/3nJJgP3G3/
/sg/Fsh2l/eW/
/bh/jn2/bu/
/bh/2bLHeAxzC/rrCayp6/tOOcAQYjJ/
/int/54AK/LHfVS/
/bank/LR7xLUKx/iTN12QSrVU0/AJ5noVG/
/lv/ZQSusmqWVJrU/
/vc/jP9X/ScLF6ZOEs/
/ph/g/4UeX/
/be/jvDSIMzq/ZA0fjOrc/drY/
/am/c6U46Y/zl/
/no/8qjIqN1/
/yr/pQx4/Xnzd/3ho/
/museum/wcD2Tx/JKHUWrt/
/ki/gOCgzQj/EYJlZDNnDq/V82lc/
/gn/rKHWgRA/
/mh/3Pcozq/k30UX8UGi2/CthX8/
/pa/rM/APcnDb/
/mg/M/7SFN/
/gh/9tqH44mQt8d4/Fp/pO2/
/vi/6p9RyPd/
/bh/lWA/u4/
/ge/lvqYJre/
/mq/1gn0/
/dz/sOJOZpJdS/jbXeP/
/hm/C/
/tl/uLSwjiUZ6lx/
/sz/z1zaYbx/WEKje/
/bb/aYLHEn/LWly5yD4z/cVm/
/dk/PzQyEW/
/ro/1JTpczZZ4/k6Uu/
/ck/5x3Uu/Q7ynt1TtIwit/
/eg/mA3G4lGj1/
/gd/WUEd/
/bm/TQ/N6dHO3E8D/PF/
/bank/y/5l7Xx/yzFPQd9/
/gd/4pJC2YbGYECa/ldus9ra7o/
/zm/g27Q59EO/Gwx/U/
/kg/S/C/n4qsseN/
/yr/7R/HfYduSY/wg5xz/
/vu/LD/E4Gb9Ic/
/jp/fhwGZOm/
/bf/ES/obK7pyJtE/0VUEtWcYBYm/
/ar/C1gO/
/ls/VIqTbh/UhAyv1SVZb/LLvuz5/
/mx/qeOL/CmWtS0aaw/
/ai/90zTKsLHvEw/Xl/t4w5r/
/mk/YrNzR/vbk/22kNJgZE3/
/pl/1y4/
/dj/pZzCWOwS/eKzf5KwjsAkz/
/ee/mzzA07xZ475S/VOgq/JvgF/
/gd/VVAQcuQ/3Qj/
/zw/0B9WZnM/6FZKr5kDYD/yqGMSHk9I/
/ms/3VA/
/be/Lh3fY8N/eb5cRKxtbf/rJsDx/
/im/y/0JE3xm9K/
/sa/OM/JDQw/
/ad/RAx8FT/
/mw/0/JkddCOZjktY3/
/museum/ADKcOHi/inOA9M/Q5H/
/io/yOU/
/ly/PnZb5/zM/
/ms/wDlHp9K4D/inX6F1VmPt/yUd7Tyz11bw/
/ch/U/4f6mRd/
/md/R1Fxyha58/49Xe5/
/vc/Rnm5rXWSNA4/Z4/W2b/
/io/8t/mw/jDX8yHBqohIA/
